[error] lmcoursier.internal.shaded.coursier.error.FetchError$DownloadingArtifacts: Error fetching artifacts:
[error] https://repo1.maven.org/maven2/io/netty/netty-transport-native-epoll/4.1.34.Final/netty-transport-native-epoll-4.1.34.Final-linux-x86_64.jar: download error: Caught java.net.UnknownHostException: repo1.maven.org (repo1.maven.org) while downloading https://repo1.maven.org/maven2/io/netty/netty-transport-native-epoll/4.1.34.Final/netty-transport-native-epoll-4.1.34.Final-linux-x86_64.jar
[error] https://repo1.maven.org/maven2/com/typesafe/play/play-json_2.13/2.7.4/play-json_2.13-2.7.4.jar: download error: Caught java.net.UnknownHostException: repo1.maven.org (repo1.maven.org) while downloading https://repo1.maven.org/maven2/com/typesafe/play/play-json_2.13/2.7.4/play-json_2.13-2.7.4.jar
[error] https://repo1.maven.org/maven2/org/apache/commons/commons-text/1.4/commons-text-1.4.jar: download error: Caught java.net.UnknownHostException: repo1.maven.org (repo1.maven.org) while downloading https://repo1.maven.org/maven2/org/apache/commons/commons-text/1.4/commons-text-1.4.jar
[error] https://repo1.maven.org/maven2/org/seleniumhq/selenium/selenium-ie-driver/3.141.59/selenium-ie-driver-3.141.59.jar: download error: Caught java.net.UnknownHostException: repo1.maven.org (repo1.maven.org) while downloading https://repo1.maven.org/maven2/org/seleniumhq/selenium/selenium-ie-driver/3.141.59/selenium-ie-driver-3.141.59.jar
[error] https://repo1.maven.org/maven2/javax/activation/javax.activation-api/1.2.0/javax.activation-api-1.2.0.jar: download error: Caught java.net.UnknownHostException: repo1.maven.org (repo1.maven.org) while downloading https://repo1.maven.org/maven2/javax/activation/javax.activation-api/1.2.0/javax.activation-api-1.2.0.jar
[error] https://repo1.maven.org/maven2/com/typesafe/play/play-ws_2.13/2.7.3/play-ws_2.13-2.7.3.jar: download error: Caught java.net.UnknownHostException: repo1.maven.org (repo1.maven.org) while downloading https://repo1.maven.org/maven2/com/typesafe/play/play-ws_2.13/2.7.3/play-ws_2.13-2.7.3.jar
[error] https://repo1.maven.org/maven2/org/apache/commons/commons-lang3/3.8/commons-lang3-3.8.jar: download error: Caught java.net.UnknownHostException: repo1.maven.org (repo1.maven.org) while downloading https://repo1.maven.org/maven2/org/apache/commons/commons-lang3/3.8/commons-lang3-3.8.jar
[error] https://repo1.maven.org/maven2/org/scala-lang/modules/scala-parser-combinators_2.13/1.1.2/scala-parser-combinators_2.13-1.1.2.jar: download error: Caught java.net.UnknownHostException: repo1.maven.org (repo1.maven.org) while downloading https://repo1.maven.org/maven2/org/scala-lang/modules/scala-parser-combinators_2.13/1.1.2/scala-parser-combinators_2.13-1.1.2.jar
[error] https://repo1.maven.org/maven2/com/typesafe/play/cachecontrol_2.13/1.1.7/cachecontrol_2.13-1.1.7.jar: download error: Caught java.net.UnknownHostException: repo1.maven.org (repo1.maven.org) while downloading https://repo1.maven.org/maven2/com/typesafe/play/cachecontrol_2.13/1.1.7/cachecontrol_2.13-1.1.7.jar
[error] https://repo1.maven.org/maven2/com/typesafe/play/play-functional_2.13/2.7.4/play-functional_2.13-2.7.4.jar: download error: Caught java.net.UnknownHostException: repo1.maven.org (repo1.maven.org) while downloading https://repo1.maven.org/maven2/com/typesafe/play/play-functional_2.13/2.7.4/play-functional_2.13-2.7.4.jar
[error] https://repo1.maven.org/maven2/com/google/inject/extensions/guice-assistedinject/4.2.2/guice-assistedinject-4.2.2.jar: download error: Caught java.net.UnknownHostException: repo1.maven.org (repo1.maven.org) while downloading https://repo1.maven.org/maven2/com/google/inject/extensions/guice-assistedinject/4.2.2/guice-assistedinject-4.2.2.jar
[error] https://repo1.maven.org/maven2/org/codehaus/mojo/animal-sniffer-annotations/1.17/animal-sniffer-annotations-1.17.jar: download error: Caught java.net.UnknownHostException: repo1.maven.org (repo1.maven.org) while downloading https://repo1.maven.org/maven2/org/codehaus/mojo/animal-sniffer-annotations/1.17/animal-sniffer-annotations-1.17.jar
[error] https://repo1.maven.org/maven2/org/seleniumhq/selenium/htmlunit-driver/2.33.3/htmlunit-driver-2.33.3.jar: download error: Caught java.net.UnknownHostException: repo1.maven.org (repo1.maven.org) while downloading https://repo1.maven.org/maven2/org/seleniumhq/selenium/htmlunit-driver/2.33.3/htmlunit-driver-2.33.3.jar
[error] https://repo1.maven.org/maven2/org/slf4j/jcl-over-slf4j/1.7.26/jcl-over-slf4j-1.7.26.jar: download error: Caught java.net.UnknownHostException: repo1.maven.org (repo1.maven.org) while downloading https://repo1.maven.org/maven2/org/slf4j/jcl-over-slf4j/1.7.26/jcl-over-slf4j-1.7.26.jar
[error] https://repo1.maven.org/maven2/org/seleniumhq/selenium/selenium-api/3.141.59/selenium-api-3.141.59.jar: download error: Caught java.net.UnknownHostException: repo1.maven.org (repo1.maven.org) while downloading https://repo1.maven.org/maven2/org/seleniumhq/selenium/selenium-api/3.141.59/selenium-api-3.141.59.jar
[error] https://repo1.maven.org/maven2/ch/qos/logback/logback-classic/1.2.3/logback-classic-1.2.3.jar: download error: Caught java.net.UnknownHostException: repo1.maven.org (repo1.maven.org) while downloading https://repo1.maven.org/maven2/ch/qos/logback/logback-classic/1.2.3/logback-classic-1.2.3.jar
[error] https://repo1.maven.org/maven2/junit/junit/4.12/junit-4.12.jar: download error: Caught java.net.UnknownHostException: repo1.maven.org (repo1.maven.org) while downloading https://repo1.maven.org/maven2/junit/junit/4.12/junit-4.12.jar
[error] https://repo1.maven.org/maven2/com/typesafe/akka/akka-parsing_2.13/10.1.8/akka-parsing_2.13-10.1.8.jar: download error: Caught java.net.UnknownHostException: repo1.maven.org (repo1.maven.org) while downloading https://repo1.maven.org/maven2/com/typesafe/akka/akka-parsing_2.13/10.1.8/akka-parsing_2.13-10.1.8.jar
[error] https://repo1.maven.org/maven2/com/google/inject/guice/4.2.2/guice-4.2.2.jar: download error: Caught java.net.UnknownHostException: repo1.maven.org (repo1.maven.org) while downloading https://repo1.maven.org/maven2/com/google/inject/guice/4.2.2/guice-4.2.2.jar
[error] https://repo1.maven.org/maven2/io/netty/netty-resolver/4.1.34.Final/netty-resolver-4.1.34.Final.jar: download error: Caught java.net.UnknownHostException: repo1.maven.org (repo1.maven.org) while downloading https://repo1.maven.org/maven2/io/netty/netty-resolver/4.1.34.Final/netty-resolver-4.1.34.Final.jar
[error] https://repo1.maven.org/maven2/com/fasterxml/jackson/datatype/jackson-datatype-jdk8/2.9.8/jackson-datatype-jdk8-2.9.8.jar: download error: Caught java.net.UnknownHostException: repo1.maven.org (repo1.maven.org) while downloading https://repo1.maven.org/maven2/com/fasterxml/jackson/datatype/jackson-datatype-jdk8/2.9.8/jackson-datatype-jdk8-2.9.8.jar
[error] https://repo1.maven.org/maven2/net/sourceforge/htmlunit/neko-htmlunit/2.33/neko-htmlunit-2.33.jar: download error: Caught java.net.UnknownHostException: repo1.maven.org (repo1.maven.org) while downloading https://repo1.maven.org/maven2/net/sourceforge/htmlunit/neko-htmlunit/2.33/neko-htmlunit-2.33.jar
[error] https://repo1.maven.org/maven2/net/sourceforge/htmlunit/htmlunit/2.33/htmlunit-2.33.jar: download error: Caught java.net.UnknownHostException: repo1.maven.org (repo1.maven.org) while downloading https://repo1.maven.org/maven2/net/sourceforge/htmlunit/htmlunit/2.33/htmlunit-2.33.jar
[error] https://repo1.maven.org/maven2/io/jsonwebtoken/jjwt/0.9.1/jjwt-0.9.1.jar: download error: Caught java.net.UnknownHostException: repo1.maven.org (repo1.maven.org) while downloading https://repo1.maven.org/maven2/io/jsonwebtoken/jjwt/0.9.1/jjwt-0.9.1.jar
[error] https://repo1.maven.org/maven2/xalan/xalan/2.7.2/xalan-2.7.2.jar: download error: Caught java.net.UnknownHostException: repo1.maven.org (repo1.maven.org) while downloading https://repo1.maven.org/maven2/xalan/xalan/2.7.2/xalan-2.7.2.jar
[error] https://repo1.maven.org/maven2/org/seleniumhq/selenium/selenium-opera-driver/3.141.59/selenium-opera-driver-3.141.59.jar: download error: Caught java.net.UnknownHostException: repo1.maven.org (repo1.maven.org) while downloading https://repo1.maven.org/maven2/org/seleniumhq/selenium/selenium-opera-driver/3.141.59/selenium-opera-driver-3.141.59.jar
[error] https://repo1.maven.org/maven2/com/typesafe/play/play-ahc-ws_2.13/2.7.3/play-ahc-ws_2.13-2.7.3.jar: download error: Caught java.net.UnknownHostException: repo1.maven.org (repo1.maven.org) while downloading https://repo1.maven.org/maven2/com/typesafe/play/play-ahc-ws_2.13/2.7.3/play-ahc-ws_2.13-2.7.3.jar
[error] https://repo1.maven.org/maven2/com/h2database/h2/1.4.199/h2-1.4.199.jar: download error: Caught java.net.UnknownHostException: repo1.maven.org (repo1.maven.org) while downloading https://repo1.maven.org/maven2/com/h2database/h2/1.4.199/h2-1.4.199.jar
[error] https://repo1.maven.org/maven2/org/eclipse/jetty/websocket/websocket-client/9.4.12.v20180830/websocket-client-9.4.12.v20180830.jar: download error: Caught java.net.UnknownHostException: repo1.maven.org (repo1.maven.org) while downloading https://repo1.maven.org/maven2/org/eclipse/jetty/websocket/websocket-client/9.4.12.v20180830/websocket-client-9.4.12.v20180830.jar
[error] https://repo1.maven.org/maven2/com/typesafe/play/play_2.13/2.7.3/play_2.13-2.7.3.jar: download error: Caught java.net.UnknownHostException: repo1.maven.org (repo1.maven.org) while downloading https://repo1.maven.org/maven2/com/typesafe/play/play_2.13/2.7.3/play_2.13-2.7.3.jar
[error] https://repo1.maven.org/maven2/joda-time/joda-time/2.10.1/joda-time-2.10.1.jar: download error: Caught java.net.UnknownHostException: repo1.maven.org (repo1.maven.org) while downloading https://repo1.maven.org/maven2/joda-time/joda-time/2.10.1/joda-time-2.10.1.jar
[error] https://repo1.maven.org/maven2/com/typesafe/netty/netty-reactive-streams-http/2.0.3/netty-reactive-streams-http-2.0.3.jar: download error: Caught java.net.UnknownHostException: repo1.maven.org (repo1.maven.org) while downloading https://repo1.maven.org/maven2/com/typesafe/netty/netty-reactive-streams-http/2.0.3/netty-reactive-streams-http-2.0.3.jar
[error] https://repo1.maven.org/maven2/xerces/xercesImpl/2.12.0/xercesImpl-2.12.0.jar: download error: Caught java.net.UnknownHostException: repo1.maven.org (repo1.maven.org) while downloading https://repo1.maven.org/maven2/xerces/xercesImpl/2.12.0/xercesImpl-2.12.0.jar
[error] https://repo1.maven.org/maven2/xml-apis/xml-apis/1.4.01/xml-apis-1.4.01.jar: download error: Caught java.net.UnknownHostException: repo1.maven.org (repo1.maven.org) while downloading https://repo1.maven.org/maven2/xml-apis/xml-apis/1.4.01/xml-apis-1.4.01.jar
[error] https://repo1.maven.org/maven2/com/typesafe/play/twirl-api_2.13/1.4.2/twirl-api_2.13-1.4.2.jar: download error: Caught java.net.UnknownHostException: repo1.maven.org (repo1.maven.org) while downloading https://repo1.maven.org/maven2/com/typesafe/play/twirl-api_2.13/1.4.2/twirl-api_2.13-1.4.2.jar
[error] https://repo1.maven.org/maven2/xalan/serializer/2.7.2/serializer-2.7.2.jar: download error: Caught java.net.UnknownHostException: repo1.maven.org (repo1.maven.org) while downloading https://repo1.maven.org/maven2/xalan/serializer/2.7.2/serializer-2.7.2.jar
[error] https://repo1.maven.org/maven2/org/seleniumhq/selenium/selenium-support/3.141.59/selenium-support-3.141.59.jar: download error: Caught java.net.UnknownHostException: repo1.maven.org (repo1.maven.org) while downloading https://repo1.maven.org/maven2/org/seleniumhq/selenium/selenium-support/3.141.59/selenium-support-3.141.59.jar
[error] https://repo1.maven.org/maven2/commons-io/commons-io/2.6/commons-io-2.6.jar: download error: Caught java.net.UnknownHostException: repo1.maven.org (repo1.maven.org) while downloading https://repo1.maven.org/maven2/commons-io/commons-io/2.6/commons-io-2.6.jar
[error] https://repo1.maven.org/maven2/com/fasterxml/jackson/core/jackson-core/2.9.8/jackson-core-2.9.8.jar: download error: Caught java.net.UnknownHostException: repo1.maven.org (repo1.maven.org) while downloading https://repo1.maven.org/maven2/com/fasterxml/jackson/core/jackson-core/2.9.8/jackson-core-2.9.8.jar
[error] https://repo1.maven.org/maven2/com/typesafe/akka/akka-http-core_2.13/10.1.8/akka-http-core_2.13-10.1.8.jar: download error: Caught java.net.UnknownHostException: repo1.maven.org (repo1.maven.org) while downloading https://repo1.maven.org/maven2/com/typesafe/akka/akka-http-core_2.13/10.1.8/akka-http-core_2.13-10.1.8.jar
[error] https://repo1.maven.org/maven2/org/fluentlenium/fluentlenium-core/3.7.1/fluentlenium-core-3.7.1.jar: download error: Caught java.net.UnknownHostException: repo1.maven.org (repo1.maven.org) while downloading https://repo1.maven.org/maven2/org/fluentlenium/fluentlenium-core/3.7.1/fluentlenium-core-3.7.1.jar
[error] https://repo1.maven.org/maven2/commons-codec/commons-codec/1.10/commons-codec-1.10.jar: download error: Caught java.net.UnknownHostException: repo1.maven.org (repo1.maven.org) while downloading https://repo1.maven.org/maven2/commons-codec/commons-codec/1.10/commons-codec-1.10.jar
[error] https://repo1.maven.org/maven2/org/seleniumhq/selenium/selenium-java/3.141.59/selenium-java-3.141.59.jar: download error: Caught java.net.UnknownHostException: repo1.maven.org (repo1.maven.org) while downloading https://repo1.maven.org/maven2/org/seleniumhq/selenium/selenium-java/3.141.59/selenium-java-3.141.59.jar
[error] https://repo1.maven.org/maven2/com/typesafe/play/play-netty-server_2.13/2.7.3/play-netty-server_2.13-2.7.3.jar: download error: Caught java.net.UnknownHostException: repo1.maven.org (repo1.maven.org) while downloading https://repo1.maven.org/maven2/com/typesafe/play/play-netty-server_2.13/2.7.3/play-netty-server_2.13-2.7.3.jar
[error] https://repo1.maven.org/maven2/io/netty/netty-common/4.1.34.Final/netty-common-4.1.34.Final.jar: download error: Caught java.net.UnknownHostException: repo1.maven.org (repo1.maven.org) while downloading https://repo1.maven.org/maven2/io/netty/netty-common/4.1.34.Final/netty-common-4.1.34.Final.jar
[error] https://repo1.maven.org/maven2/com/fasterxml/jackson/datatype/jackson-datatype-jsr310/2.9.8/jackson-datatype-jsr310-2.9.8.jar: download error: Caught java.net.UnknownHostException: repo1.maven.org (repo1.maven.org) while downloading https://repo1.maven.org/maven2/com/fasterxml/jackson/datatype/jackson-datatype-jsr310/2.9.8/jackson-datatype-jsr310-2.9.8.jar
[error] https://repo1.maven.org/maven2/com/typesafe/play/shaded-asynchttpclient/2.0.6/shaded-asynchttpclient-2.0.6.jar: download error: Caught java.net.UnknownHostException: repo1.maven.org (repo1.maven.org) while downloading https://repo1.maven.org/maven2/com/typesafe/play/shaded-asynchttpclient/2.0.6/shaded-asynchttpclient-2.0.6.jar
[error] https://repo1.maven.org/maven2/org/seleniumhq/selenium/selenium-firefox-driver/3.141.59/selenium-firefox-driver-3.141.59.jar: download error: Caught java.net.UnknownHostException: repo1.maven.org (repo1.maven.org) while downloading https://repo1.maven.org/maven2/org/seleniumhq/selenium/selenium-firefox-driver/3.141.59/selenium-firefox-driver-3.141.59.jar
[error] https://repo1.maven.org/maven2/net/sourceforge/htmlunit/htmlunit-cssparser/1.2.0/htmlunit-cssparser-1.2.0.jar: download error: Caught java.net.UnknownHostException: repo1.maven.org (repo1.maven.org) while downloading https://repo1.maven.org/maven2/net/sourceforge/htmlunit/htmlunit-cssparser/1.2.0/htmlunit-cssparser-1.2.0.jar
[error] https://repo1.maven.org/maven2/org/seleniumhq/selenium/selenium-edge-driver/3.141.59/selenium-edge-driver-3.141.59.jar: download error: Caught java.net.UnknownHostException: repo1.maven.org (repo1.maven.org) while downloading https://repo1.maven.org/maven2/org/seleniumhq/selenium/selenium-edge-driver/3.141.59/selenium-edge-driver-3.141.59.jar
[error] https://repo1.maven.org/maven2/com/google/j2objc/j2objc-annotations/1.1/j2objc-annotations-1.1.jar: download error: Caught java.net.UnknownHostException: repo1.maven.org (repo1.maven.org) while downloading https://repo1.maven.org/maven2/com/google/j2objc/j2objc-annotations/1.1/j2objc-annotations-1.1.jar
[error] https://repo1.maven.org/maven2/io/netty/netty-buffer/4.1.34.Final/netty-buffer-4.1.34.Final.jar: download error: Caught java.net.UnknownHostException: repo1.maven.org (repo1.maven.org) while downloading https://repo1.maven.org/maven2/io/netty/netty-buffer/4.1.34.Final/netty-buffer-4.1.34.Final.jar
[error] https://repo1.maven.org/maven2/commons-logging/commons-logging/1.2/commons-logging-1.2.jar: download error: Caught java.net.UnknownHostException: repo1.maven.org (repo1.maven.org) while downloading https://repo1.maven.org/maven2/commons-logging/commons-logging/1.2/commons-logging-1.2.jar
[error] https://repo1.maven.org/maven2/aopalliance/aopalliance/1.0/aopalliance-1.0.jar: download error: Caught java.net.UnknownHostException: repo1.maven.org (repo1.maven.org) while downloading https://repo1.maven.org/maven2/aopalliance/aopalliance/1.0/aopalliance-1.0.jar
[error] https://repo1.maven.org/maven2/com/google/guava/failureaccess/1.0.1/failureaccess-1.0.1.jar: download error: Caught java.net.UnknownHostException: repo1.maven.org (repo1.maven.org) while downloading https://repo1.maven.org/maven2/com/google/guava/failureaccess/1.0.1/failureaccess-1.0.1.jar
[error] https://repo1.maven.org/maven2/com/typesafe/play/play-akka-http-server_2.13/2.7.3/play-akka-http-server_2.13-2.7.3.jar: download error: Caught java.net.UnknownHostException: repo1.maven.org (repo1.maven.org) while downloading https://repo1.maven.org/maven2/com/typesafe/play/play-akka-http-server_2.13/2.7.3/play-akka-http-server_2.13-2.7.3.jar
[error] https://repo1.maven.org/maven2/org/scalactic/scalactic_2.13/3.0.8/scalactic_2.13-3.0.8.jar: download error: Caught java.net.UnknownHostException: repo1.maven.org (repo1.maven.org) while downloading https://repo1.maven.org/maven2/org/scalactic/scalactic_2.13/3.0.8/scalactic_2.13-3.0.8.jar
[error] https://repo1.maven.org/maven2/org/eclipse/jetty/jetty-http/9.4.12.v20180830/jetty-http-9.4.12.v20180830.jar: download error: Caught java.net.UnknownHostException: repo1.maven.org (repo1.maven.org) while downloading https://repo1.maven.org/maven2/org/eclipse/jetty/jetty-http/9.4.12.v20180830/jetty-http-9.4.12.v20180830.jar
[error] https://repo1.maven.org/maven2/org/scala-lang/scala-library/2.13.0/scala-library-2.13.0.jar: download error: Caught java.net.UnknownHostException: repo1.maven.org (repo1.maven.org) while downloading https://repo1.maven.org/maven2/org/scala-lang/scala-library/2.13.0/scala-library-2.13.0.jar
[error] https://repo1.maven.org/maven2/com/codeborne/phantomjsdriver/1.4.4/phantomjsdriver-1.4.4.jar: download error: Caught java.net.UnknownHostException: repo1.maven.org (repo1.maven.org) while downloading https://repo1.maven.org/maven2/com/codeborne/phantomjsdriver/1.4.4/phantomjsdriver-1.4.4.jar
[error] https://repo1.maven.org/maven2/org/eclipse/jetty/jetty-io/9.4.12.v20180830/jetty-io-9.4.12.v20180830.jar: download error: Caught java.net.UnknownHostException: repo1.maven.org (repo1.maven.org) while downloading https://repo1.maven.org/maven2/org/eclipse/jetty/jetty-io/9.4.12.v20180830/jetty-io-9.4.12.v20180830.jar
[error] https://repo1.maven.org/maven2/com/squareup/okhttp3/okhttp/3.11.0/okhttp-3.11.0.jar: download error: Caught java.net.UnknownHostException: repo1.maven.org (repo1.maven.org) while downloading https://repo1.maven.org/maven2/com/squareup/okhttp3/okhttp/3.11.0/okhttp-3.11.0.jar
[error] https://repo1.maven.org/maven2/com/typesafe/play/play-ahc-ws-standalone_2.13/2.0.6/play-ahc-ws-standalone_2.13-2.0.6.jar: download error: Caught java.net.UnknownHostException: repo1.maven.org (repo1.maven.org) while downloading https://repo1.maven.org/maven2/com/typesafe/play/play-ahc-ws-standalone_2.13/2.0.6/play-ahc-ws-standalone_2.13-2.0.6.jar
[error] https://repo1.maven.org/maven2/com/typesafe/play/play-ws-standalone-json_2.13/2.0.6/play-ws-standalone-json_2.13-2.0.6.jar: download error: Caught java.net.UnknownHostException: repo1.maven.org (repo1.maven.org) while downloading https://repo1.maven.org/maven2/com/typesafe/play/play-ws-standalone-json_2.13/2.0.6/play-ws-standalone-json_2.13-2.0.6.jar
[error] https://repo1.maven.org/maven2/org/scala-lang/scala-reflect/2.13.0/scala-reflect-2.13.0.jar: download error: Caught java.net.UnknownHostException: repo1.maven.org (repo1.maven.org) while downloading https://repo1.maven.org/maven2/org/scala-lang/scala-reflect/2.13.0/scala-reflect-2.13.0.jar
[error] https://repo1.maven.org/maven2/com/typesafe/play/play-ws-standalone-xml_2.13/2.0.6/play-ws-standalone-xml_2.13-2.0.6.jar: download error: Caught java.net.UnknownHostException: repo1.maven.org (repo1.maven.org) while downloading https://repo1.maven.org/maven2/com/typesafe/play/play-ws-standalone-xml_2.13/2.0.6/play-ws-standalone-xml_2.13-2.0.6.jar
[error] https://repo1.maven.org/maven2/org/hamcrest/hamcrest-core/1.3/hamcrest-core-1.3.jar: download error: Caught java.net.UnknownHostException: repo1.maven.org (repo1.maven.org) while downloading https://repo1.maven.org/maven2/org/hamcrest/hamcrest-core/1.3/hamcrest-core-1.3.jar
[error] https://repo1.maven.org/maven2/org/scalatestplus/play/scalatestplus-play_2.13/4.0.3/scalatestplus-play_2.13-4.0.3.jar: download error: Caught java.net.UnknownHostException: repo1.maven.org (repo1.maven.org) while downloading https://repo1.maven.org/maven2/org/scalatestplus/play/scalatestplus-play_2.13/4.0.3/scalatestplus-play_2.13-4.0.3.jar
[error] https://repo1.maven.org/maven2/org/apache/commons/commons-exec/1.3/commons-exec-1.3.jar: download error: Caught java.net.UnknownHostException: repo1.maven.org (repo1.maven.org) while downloading https://repo1.maven.org/maven2/org/apache/commons/commons-exec/1.3/commons-exec-1.3.jar
[error] https://repo1.maven.org/maven2/commons-net/commons-net/3.6/commons-net-3.6.jar: download error: Caught java.net.UnknownHostException: repo1.maven.org (repo1.maven.org) while downloading https://repo1.maven.org/maven2/commons-net/commons-net/3.6/commons-net-3.6.jar
[error] https://repo1.maven.org/maven2/com/typesafe/play/play-streams_2.13/2.7.3/play-streams_2.13-2.7.3.jar: download error: Caught java.net.UnknownHostException: repo1.maven.org (repo1.maven.org) while downloading https://repo1.maven.org/maven2/com/typesafe/play/play-streams_2.13/2.7.3/play-streams_2.13-2.7.3.jar
[error] https://repo1.maven.org/maven2/com/typesafe/netty/netty-reactive-streams/2.0.3/netty-reactive-streams-2.0.3.jar: download error: Caught java.net.UnknownHostException: repo1.maven.org (repo1.maven.org) while downloading https://repo1.maven.org/maven2/com/typesafe/netty/netty-reactive-streams/2.0.3/netty-reactive-streams-2.0.3.jar
[error] https://repo1.maven.org/maven2/com/typesafe/play/filters-helpers_2.13/2.7.3/filters-helpers_2.13-2.7.3.jar: download error: Caught java.net.UnknownHostException: repo1.maven.org (repo1.maven.org) while downloading https://repo1.maven.org/maven2/com/typesafe/play/filters-helpers_2.13/2.7.3/filters-helpers_2.13-2.7.3.jar
[error] https://repo1.maven.org/maven2/com/typesafe/akka/akka-slf4j_2.13/2.5.23/akka-slf4j_2.13-2.5.23.jar: download error: Caught java.net.UnknownHostException: repo1.maven.org (repo1.maven.org) while downloading https://repo1.maven.org/maven2/com/typesafe/akka/akka-slf4j_2.13/2.5.23/akka-slf4j_2.13-2.5.23.jar
[error] https://repo1.maven.org/maven2/org/seleniumhq/selenium/selenium-remote-driver/3.141.59/selenium-remote-driver-3.141.59.jar: download error: Caught java.net.UnknownHostException: repo1.maven.org (repo1.maven.org) while downloading https://repo1.maven.org/maven2/org/seleniumhq/selenium/selenium-remote-driver/3.141.59/selenium-remote-driver-3.141.59.jar
[error] https://repo1.maven.org/maven2/org/checkerframework/checker-qual/2.5.2/checker-qual-2.5.2.jar: download error: Caught java.net.UnknownHostException: repo1.maven.org (repo1.maven.org) while downloading https://repo1.maven.org/maven2/org/checkerframework/checker-qual/2.5.2/checker-qual-2.5.2.jar
[error] https://repo1.maven.org/maven2/com/google/guava/guava/27.1-jre/guava-27.1-jre.jar: download error: Caught java.net.UnknownHostException: repo1.maven.org (repo1.maven.org) while downloading https://repo1.maven.org/maven2/com/google/guava/guava/27.1-jre/guava-27.1-jre.jar
[error] https://repo1.maven.org/maven2/com/typesafe/ssl-config-core_2.13/0.4.0/ssl-config-core_2.13-0.4.0.jar: download error: Caught java.net.UnknownHostException: repo1.maven.org (repo1.maven.org) while downloading https://repo1.maven.org/maven2/com/typesafe/ssl-config-core_2.13/0.4.0/ssl-config-core_2.13-0.4.0.jar
[error] https://repo1.maven.org/maven2/org/scalatest/scalatest_2.13/3.0.8/scalatest_2.13-3.0.8.jar: download error: Caught java.net.UnknownHostException: repo1.maven.org (repo1.maven.org) while downloading https://repo1.maven.org/maven2/org/scalatest/scalatest_2.13/3.0.8/scalatest_2.13-3.0.8.jar
[error] https://repo1.maven.org/maven2/com/fasterxml/jackson/core/jackson-annotations/2.9.8/jackson-annotations-2.9.8.jar: download error: Caught java.net.UnknownHostException: repo1.maven.org (repo1.maven.org) while downloading https://repo1.maven.org/maven2/com/fasterxml/jackson/core/jackson-annotations/2.9.8/jackson-annotations-2.9.8.jar
[error] https://repo1.maven.org/maven2/com/google/guava/listenablefuture/9999.0-empty-to-avoid-conflict-with-guava/listenablefuture-9999.0-empty-to-avoid-conflict-with-guava.jar: download error: Caught java.net.UnknownHostException: repo1.maven.org (repo1.maven.org) while downloading https://repo1.maven.org/maven2/com/google/guava/listenablefuture/9999.0-empty-to-avoid-conflict-with-guava/listenablefuture-9999.0-empty-to-avoid-conflict-with-guava.jar
[error] https://repo1.maven.org/maven2/com/google/errorprone/error_prone_annotations/2.2.0/error_prone_annotations-2.2.0.jar: download error: Caught java.net.UnknownHostException: repo1.maven.org (repo1.maven.org) while downloading https://repo1.maven.org/maven2/com/google/errorprone/error_prone_annotations/2.2.0/error_prone_annotations-2.2.0.jar
[error] https://repo1.maven.org/maven2/io/netty/netty-handler/4.1.34.Final/netty-handler-4.1.34.Final.jar: download error: Caught java.net.UnknownHostException: repo1.maven.org (repo1.maven.org) while downloading https://repo1.maven.org/maven2/io/netty/netty-handler/4.1.34.Final/netty-handler-4.1.34.Final.jar
[error] https://repo1.maven.org/maven2/com/typesafe/play/play-test_2.13/2.7.3/play-test_2.13-2.7.3.jar: download error: Caught java.net.UnknownHostException: repo1.maven.org (repo1.maven.org) while downloading https://repo1.maven.org/maven2/com/typesafe/play/play-test_2.13/2.7.3/play-test_2.13-2.7.3.jar
[error] https://repo1.maven.org/maven2/org/eclipse/jetty/websocket/websocket-api/9.4.12.v20180830/websocket-api-9.4.12.v20180830.jar: download error: Caught java.net.UnknownHostException: repo1.maven.org (repo1.maven.org) while downloading https://repo1.maven.org/maven2/org/eclipse/jetty/websocket/websocket-api/9.4.12.v20180830/websocket-api-9.4.12.v20180830.jar
[error] https://repo1.maven.org/maven2/com/typesafe/play/play-server_2.13/2.7.3/play-server_2.13-2.7.3.jar: download error: Caught java.net.UnknownHostException: repo1.maven.org (repo1.maven.org) while downloading https://repo1.maven.org/maven2/com/typesafe/play/play-server_2.13/2.7.3/play-server_2.13-2.7.3.jar
[error] https://repo1.maven.org/maven2/com/squareup/okio/okio/1.14.0/okio-1.14.0.jar: download error: Caught java.net.UnknownHostException: repo1.maven.org (repo1.maven.org) while downloading https://repo1.maven.org/maven2/com/squareup/okio/okio/1.14.0/okio-1.14.0.jar
[error] https://repo1.maven.org/maven2/org/atteo/classindex/classindex/3.4/classindex-3.4.jar: download error: Caught java.net.UnknownHostException: repo1.maven.org (repo1.maven.org) while downloading https://repo1.maven.org/maven2/org/atteo/classindex/classindex/3.4/classindex-3.4.jar
[error] https://repo1.maven.org/maven2/com/typesafe/play/play-logback_2.13/2.7.3/play-logback_2.13-2.7.3.jar: download error: Caught java.net.UnknownHostException: repo1.maven.org (repo1.maven.org) while downloading https://repo1.maven.org/maven2/com/typesafe/play/play-logback_2.13/2.7.3/play-logback_2.13-2.7.3.jar
[error] https://repo1.maven.org/maven2/javax/inject/javax.inject/1/javax.inject-1.jar: download error: Caught java.net.UnknownHostException: repo1.maven.org (repo1.maven.org) while downloading https://repo1.maven.org/maven2/javax/inject/javax.inject/1/javax.inject-1.jar
[error] https://repo1.maven.org/maven2/org/scala-lang/modules/scala-java8-compat_2.13/0.9.0/scala-java8-compat_2.13-0.9.0.jar: download error: Caught java.net.UnknownHostException: repo1.maven.org (repo1.maven.org) while downloading https://repo1.maven.org/maven2/org/scala-lang/modules/scala-java8-compat_2.13/0.9.0/scala-java8-compat_2.13-0.9.0.jar
[error] https://repo1.maven.org/maven2/org/eclipse/jetty/jetty-client/9.4.12.v20180830/jetty-client-9.4.12.v20180830.jar: download error: Caught java.net.UnknownHostException: repo1.maven.org (repo1.maven.org) while downloading https://repo1.maven.org/maven2/org/eclipse/jetty/jetty-client/9.4.12.v20180830/jetty-client-9.4.12.v20180830.jar
[error] https://repo1.maven.org/maven2/com/novocode/junit-interface/0.11/junit-interface-0.11.jar: download error: Caught java.net.UnknownHostException: repo1.maven.org (repo1.maven.org) while downloading https://repo1.maven.org/maven2/com/novocode/junit-interface/0.11/junit-interface-0.11.jar
[error] https://repo1.maven.org/maven2/io/netty/netty-codec-http/4.1.34.Final/netty-codec-http-4.1.34.Final.jar: download error: Caught java.net.UnknownHostException: repo1.maven.org (repo1.maven.org) while downloading https://repo1.maven.org/maven2/io/netty/netty-codec-http/4.1.34.Final/netty-codec-http-4.1.34.Final.jar
[error] https://repo1.maven.org/maven2/com/typesafe/config/1.3.3/config-1.3.3.jar: download error: Caught java.net.UnknownHostException: repo1.maven.org (repo1.maven.org) while downloading https://repo1.maven.org/maven2/com/typesafe/config/1.3.3/config-1.3.3.jar
[error] https://repo1.maven.org/maven2/io/netty/netty-transport-native-unix-common/4.1.34.Final/netty-transport-native-unix-common-4.1.34.Final.jar: download error: Caught java.net.UnknownHostException: repo1.maven.org (repo1.maven.org) while downloading https://repo1.maven.org/maven2/io/netty/netty-transport-native-unix-common/4.1.34.Final/netty-transport-native-unix-common-4.1.34.Final.jar
[error] https://repo1.maven.org/maven2/org/slf4j/jul-to-slf4j/1.7.26/jul-to-slf4j-1.7.26.jar: download error: Caught java.net.UnknownHostException: repo1.maven.org (repo1.maven.org) while downloading https://repo1.maven.org/maven2/org/slf4j/jul-to-slf4j/1.7.26/jul-to-slf4j-1.7.26.jar
[error] https://repo1.maven.org/maven2/com/typesafe/akka/akka-protobuf_2.13/2.5.23/akka-protobuf_2.13-2.5.23.jar: download error: Caught java.net.UnknownHostException: repo1.maven.org (repo1.maven.org) while downloading https://repo1.maven.org/maven2/com/typesafe/akka/akka-protobuf_2.13/2.5.23/akka-protobuf_2.13-2.5.23.jar
[error] https://repo1.maven.org/maven2/com/fasterxml/jackson/core/jackson-databind/2.9.8/jackson-databind-2.9.8.jar: download error: Caught java.net.UnknownHostException: repo1.maven.org (repo1.maven.org) while downloading https://repo1.maven.org/maven2/com/fasterxml/jackson/core/jackson-databind/2.9.8/jackson-databind-2.9.8.jar
[error] https://repo1.maven.org/maven2/org/seleniumhq/selenium/selenium-chrome-driver/3.141.59/selenium-chrome-driver-3.141.59.jar: download error: Caught java.net.UnknownHostException: repo1.maven.org (repo1.maven.org) while downloading https://repo1.maven.org/maven2/org/seleniumhq/selenium/selenium-chrome-driver/3.141.59/selenium-chrome-driver-3.141.59.jar
[error] https://repo1.maven.org/maven2/ch/qos/logback/logback-core/1.2.3/logback-core-1.2.3.jar: download error: Caught java.net.UnknownHostException: repo1.maven.org (repo1.maven.org) while downloading https://repo1.maven.org/maven2/ch/qos/logback/logback-core/1.2.3/logback-core-1.2.3.jar
[error] https://repo1.maven.org/maven2/com/typesafe/play/play-guice_2.13/2.7.3/play-guice_2.13-2.7.3.jar: download error: Caught java.net.UnknownHostException: repo1.maven.org (repo1.maven.org) while downloading https://repo1.maven.org/maven2/com/typesafe/play/play-guice_2.13/2.7.3/play-guice_2.13-2.7.3.jar
[error] https://repo1.maven.org/maven2/io/netty/netty-transport/4.1.34.Final/netty-transport-4.1.34.Final.jar: download error: Caught java.net.UnknownHostException: repo1.maven.org (repo1.maven.org) while downloading https://repo1.maven.org/maven2/io/netty/netty-transport/4.1.34.Final/netty-transport-4.1.34.Final.jar
[error] https://repo1.maven.org/maven2/org/seleniumhq/selenium/selenium-safari-driver/3.141.59/selenium-safari-driver-3.141.59.jar: download error: Caught java.net.UnknownHostException: repo1.maven.org (repo1.maven.org) while downloading https://repo1.maven.org/maven2/org/seleniumhq/selenium/selenium-safari-driver/3.141.59/selenium-safari-driver-3.141.59.jar
[error] https://repo1.maven.org/maven2/org/eclipse/jetty/websocket/websocket-common/9.4.12.v20180830/websocket-common-9.4.12.v20180830.jar: download error: Caught java.net.UnknownHostException: repo1.maven.org (repo1.maven.org) while downloading https://repo1.maven.org/maven2/org/eclipse/jetty/websocket/websocket-common/9.4.12.v20180830/websocket-common-9.4.12.v20180830.jar
[error] https://repo1.maven.org/maven2/javax/xml/bind/jaxb-api/2.3.1/jaxb-api-2.3.1.jar: download error: Caught java.net.UnknownHostException: repo1.maven.org (repo1.maven.org) while downloading https://repo1.maven.org/maven2/javax/xml/bind/jaxb-api/2.3.1/jaxb-api-2.3.1.jar
[error] https://repo1.maven.org/maven2/com/typesafe/play/shaded-oauth/2.0.6/shaded-oauth-2.0.6.jar: download error: Caught java.net.UnknownHostException: repo1.maven.org (repo1.maven.org) while downloading https://repo1.maven.org/maven2/com/typesafe/play/shaded-oauth/2.0.6/shaded-oauth-2.0.6.jar
[error] https://repo1.maven.org/maven2/com/google/code/findbugs/jsr305/3.0.2/jsr305-3.0.2.jar: download error: Caught java.net.UnknownHostException: repo1.maven.org (repo1.maven.org) while downloading https://repo1.maven.org/maven2/com/google/code/findbugs/jsr305/3.0.2/jsr305-3.0.2.jar
[error] https://repo1.maven.org/maven2/javax/transaction/jta/1.1/jta-1.1.jar: download error: Caught java.net.UnknownHostException: repo1.maven.org (repo1.maven.org) while downloading https://repo1.maven.org/maven2/javax/transaction/jta/1.1/jta-1.1.jar
[error] https://repo1.maven.org/maven2/com/typesafe/akka/akka-actor_2.13/2.5.23/akka-actor_2.13-2.5.23.jar: download error: Caught java.net.UnknownHostException: repo1.maven.org (repo1.maven.org) while downloading https://repo1.maven.org/maven2/com/typesafe/akka/akka-actor_2.13/2.5.23/akka-actor_2.13-2.5.23.jar
[error] https://repo1.maven.org/maven2/com/typesafe/akka/akka-stream_2.13/2.5.23/akka-stream_2.13-2.5.23.jar: download error: Caught java.net.UnknownHostException: repo1.maven.org (repo1.maven.org) while downloading https://repo1.maven.org/maven2/com/typesafe/akka/akka-stream_2.13/2.5.23/akka-stream_2.13-2.5.23.jar
[error] https://repo1.maven.org/maven2/com/typesafe/play/play-ws-standalone_2.13/2.0.6/play-ws-standalone_2.13-2.0.6.jar: download error: Caught java.net.UnknownHostException: repo1.maven.org (repo1.maven.org) while downloading https://repo1.maven.org/maven2/com/typesafe/play/play-ws-standalone_2.13/2.0.6/play-ws-standalone_2.13-2.0.6.jar
[error] https://repo1.maven.org/maven2/org/scala-lang/scala-compiler/2.13.0/scala-compiler-2.13.0.jar: download error: Caught java.net.UnknownHostException: repo1.maven.org (repo1.maven.org) while downloading https://repo1.maven.org/maven2/org/scala-lang/scala-compiler/2.13.0/scala-compiler-2.13.0.jar
[error] https://repo1.maven.org/maven2/org/ow2/asm/asm/5.0.3/asm-5.0.3.jar: download error: Caught java.net.UnknownHostException: repo1.maven.org (repo1.maven.org) while downloading https://repo1.maven.org/maven2/org/ow2/asm/asm/5.0.3/asm-5.0.3.jar
[error] https://repo1.maven.org/maven2/org/ow2/asm/asm-tree/5.0.3/asm-tree-5.0.3.jar: download error: Caught java.net.UnknownHostException: repo1.maven.org (repo1.maven.org) while downloading https://repo1.maven.org/maven2/org/ow2/asm/asm-tree/5.0.3/asm-tree-5.0.3.jar
[error] https://repo1.maven.org/maven2/com/typesafe/play/play-doc_2.13/2.0.2/play-doc_2.13-2.0.2.jar: download error: Caught java.net.UnknownHostException: repo1.maven.org (repo1.maven.org) while downloading https://repo1.maven.org/maven2/com/typesafe/play/play-doc_2.13/2.0.2/play-doc_2.13-2.0.2.jar
[error] https://repo1.maven.org/maven2/org/ow2/asm/asm-analysis/5.0.3/asm-analysis-5.0.3.jar: download error: Caught java.net.UnknownHostException: repo1.maven.org (repo1.maven.org) while downloading https://repo1.maven.org/maven2/org/ow2/asm/asm-analysis/5.0.3/asm-analysis-5.0.3.jar
[error] https://repo1.maven.org/maven2/org/parboiled/parboiled-core/1.1.7/parboiled-core-1.1.7.jar: download error: Caught java.net.UnknownHostException: repo1.maven.org (repo1.maven.org) while downloading https://repo1.maven.org/maven2/org/parboiled/parboiled-core/1.1.7/parboiled-core-1.1.7.jar
[error] https://repo1.maven.org/maven2/com/typesafe/play/play-docs_2.13/2.7.3/play-docs_2.13-2.7.3.jar: download error: Caught java.net.UnknownHostException: repo1.maven.org (repo1.maven.org) while downloading https://repo1.maven.org/maven2/com/typesafe/play/play-docs_2.13/2.7.3/play-docs_2.13-2.7.3.jar
[error] https://repo1.maven.org/maven2/org/parboiled/parboiled-java/1.1.7/parboiled-java-1.1.7.jar: download error: Caught java.net.UnknownHostException: repo1.maven.org (repo1.maven.org) while downloading https://repo1.maven.org/maven2/org/parboiled/parboiled-java/1.1.7/parboiled-java-1.1.7.jar
[error] https://repo1.maven.org/maven2/org/ow2/asm/asm-util/5.0.3/asm-util-5.0.3.jar: download error: Caught java.net.UnknownHostException: repo1.maven.org (repo1.maven.org) while downloading https://repo1.maven.org/maven2/org/ow2/asm/asm-util/5.0.3/asm-util-5.0.3.jar
[error] https://repo1.maven.org/maven2/org/pegdown/pegdown/1.6.0/pegdown-1.6.0.jar: download error: Caught java.net.UnknownHostException: repo1.maven.org (repo1.maven.org) while downloading https://repo1.maven.org/maven2/org/pegdown/pegdown/1.6.0/pegdown-1.6.0.jar
[error] https://repo1.maven.org/maven2/com/typesafe/play/play-omnidoc_2.13/2.7.3/play-omnidoc_2.13-2.7.3.jar: download error: Caught java.net.UnknownHostException: repo1.maven.org (repo1.maven.org) while downloading https://repo1.maven.org/maven2/com/typesafe/play/play-omnidoc_2.13/2.7.3/play-omnidoc_2.13-2.7.3.jar
[error] 
[error] 	at lmcoursier.internal.shaded.coursier.Artifacts$.$anonfun$fetchArtifacts$8(Artifacts.scala:359)
[error] 	at lmcoursier.internal.shaded.coursier.util.Task$.$anonfun$flatMap$2(Task.scala:14)
[error] 	at scala.concurrent.Future.$anonfun$flatMap$1(Future.scala:307)
[error] 	at scala.concurrent.impl.Promise.$anonfun$transformWith$1(Promise.scala:41)
[error] 	at scala.concurrent.impl.CallbackRunnable.run(Promise.scala:64)
[error] 	at java.util.concurrent.ThreadPoolExecutor.runWorker(ThreadPoolExecutor.java:1142)
[error] 	at java.util.concurrent.ThreadPoolExecutor$Worker.run(ThreadPoolExecutor.java:617)
[error] 	at java.lang.Thread.run(Thread.java:745)
[error] Caused by: lmcoursier.internal.shaded.coursier.cache.ArtifactError$DownloadError: download error: Caught java.net.UnknownHostException: repo1.maven.org (repo1.maven.org) while downloading https://repo1.maven.org/maven2/io/netty/netty-transport-native-epoll/4.1.34.Final/netty-transport-native-epoll-4.1.34.Final-linux-x86_64.jar
[error] 	at lmcoursier.internal.shaded.coursier.cache.FileCache$.helper$2(FileCache.scala:1083)
[error] 	at lmcoursier.internal.shaded.coursier.cache.FileCache$.coursier$cache$FileCache$$downloading(FileCache.scala:1095)
[error] 	at lmcoursier.internal.shaded.coursier.cache.FileCache.doDownload$1(FileCache.scala:365)
[error] 	at lmcoursier.internal.shaded.coursier.cache.FileCache.$anonfun$download$54(FileCache.scala:552)
[error] 	at lmcoursier.internal.shaded.coursier.cache.CacheLocks$.loop$1(CacheLocks.scala:53)
[error] 	at lmcoursier.internal.shaded.coursier.cache.CacheLocks$.withLockOr(CacheLocks.scala:76)
[error] 	at lmcoursier.internal.shaded.coursier.cache.FileCache.$anonfun$download$32(FileCache.scala:553)
[error] 	at scala.concurrent.Future$.$anonfun$apply$1(Future.scala:659)
[error] 	at scala.util.Success.$anonfun$map$1(Try.scala:255)
[error] 	at scala.util.Success.map(Try.scala:213)
[error] 	at scala.concurrent.Future.$anonfun$map$1(Future.scala:292)
[error] 	at scala.concurrent.impl.Promise.liftedTree1$1(Promise.scala:33)
[error] 	at scala.concurrent.impl.Promise.$anonfun$transform$1(Promise.scala:33)
[error] 	at scala.concurrent.impl.CallbackRunnable.run(Promise.scala:64)
[error] 	at java.util.concurrent.ThreadPoolExecutor.runWorker(ThreadPoolExecutor.java:1142)
[error] 	at java.util.concurrent.ThreadPoolExecutor$Worker.run(ThreadPoolExecutor.java:617)
[error] 	at java.lang.Thread.run(Thread.java:745)
[error] Caused by: java.net.UnknownHostException: repo1.maven.org
[error] 	at java.net.AbstractPlainSocketImpl.connect(AbstractPlainSocketImpl.java:184)
[error] 	at java.net.SocksSocketImpl.connect(SocksSocketImpl.java:392)
[error] 	at java.net.Socket.connect(Socket.java:589)
[error] 	at sun.security.ssl.SSLSocketImpl.connect(SSLSocketImpl.java:668)
[error] 	at sun.security.ssl.BaseSSLSocketImpl.connect(BaseSSLSocketImpl.java:173)
[error] 	at sun.net.NetworkClient.doConnect(NetworkClient.java:180)
[error] 	at sun.net.www.http.HttpClient.openServer(HttpClient.java:432)
[error] 	at sun.net.www.http.HttpClient.openServer(HttpClient.java:527)
[error] 	at sun.net.www.protocol.https.HttpsClient.<init>(HttpsClient.java:264)
[error] 	at sun.net.www.protocol.https.HttpsClient.New(HttpsClient.java:367)
[error] 	at sun.net.www.protocol.https.AbstractDelegateHttpsURLConnection.getNewHttpClient(AbstractDelegateHttpsURLConnection.java:191)
[error] 	at sun.net.www.protocol.http.HttpURLConnection.plainConnect0(HttpURLConnection.java:1138)
[error] 	at sun.net.www.protocol.http.HttpURLConnection$6.run(HttpURLConnection.java:1022)
[error] 	at sun.net.www.protocol.http.HttpURLConnection$6.run(HttpURLConnection.java:1020)
[error] 	at java.security.AccessController.doPrivileged(Native Method)
[error] 	at java.security.AccessController.doPrivilegedWithCombiner(AccessController.java:782)
[error] 	at sun.net.www.protocol.http.HttpURLConnection.plainConnect(HttpURLConnection.java:1019)
[error] 	at sun.net.www.protocol.https.AbstractDelegateHttpsURLConnection.connect(AbstractDelegateHttpsURLConnection.java:177)
[error] 	at sun.net.www.protocol.http.HttpURLConnection.getInputStream0(HttpURLConnection.java:1546)
[error] 	at sun.net.www.protocol.http.HttpURLConnection.access$200(HttpURLConnection.java:91)
[error] 	at sun.net.www.protocol.http.HttpURLConnection$9.run(HttpURLConnection.java:1466)
[error] 	at sun.net.www.protocol.http.HttpURLConnection$9.run(HttpURLConnection.java:1464)
[error] 	at java.security.AccessController.doPrivileged(Native Method)
[error] 	at java.security.AccessController.doPrivilegedWithCombiner(AccessController.java:782)
[error] 	at sun.net.www.protocol.http.HttpURLConnection.getInputStream(HttpURLConnection.java:1463)
[error] 	at java.net.HttpURLConnection.getResponseCode(HttpURLConnection.java:480)
[error] 	at sun.net.www.protocol.https.HttpsURLConnectionImpl.getResponseCode(HttpsURLConnectionImpl.java:338)
[error] 	at lmcoursier.internal.shaded.coursier.cache.CacheUrl$.redirectTo(CacheUrl.scala:152)
[error] 	at lmcoursier.internal.shaded.coursier.cache.CacheUrl$.redirect(CacheUrl.scala:162)
[error] 	at lmcoursier.internal.shaded.coursier.cache.CacheUrl$.urlConnectionMaybePartial(CacheUrl.scala:304)
[error] 	at lmcoursier.internal.shaded.coursier.cache.CacheUrl$.urlConnectionMaybePartial(CacheUrl.scala:277)
[error] 	at lmcoursier.internal.shaded.coursier.cache.FileCache.$anonfun$download$33(FileCache.scala:394)
[error] 	at lmcoursier.internal.shaded.coursier.cache.FileCache$.$anonfun$downloading$1(FileCache.scala:1062)
[error] 	at lmcoursier.internal.shaded.coursier.cache.CacheLocks$.withUrlLock(CacheLocks.scala:91)
[error] 	at lmcoursier.internal.shaded.coursier.cache.FileCache$.helper$2(FileCache.scala:1062)
[error] 	at lmcoursier.internal.shaded.coursier.cache.FileCache$.coursier$cache$FileCache$$downloading(FileCache.scala:1095)
[error] 	at lmcoursier.internal.shaded.coursier.cache.FileCache.doDownload$1(FileCache.scala:365)
[error] 	at lmcoursier.internal.shaded.coursier.cache.FileCache.$anonfun$download$54(FileCache.scala:552)
[error] 	at lmcoursier.internal.shaded.coursier.cache.CacheLocks$.loop$1(CacheLocks.scala:53)
[error] 	at lmcoursier.internal.shaded.coursier.cache.CacheLocks$.withLockOr(CacheLocks.scala:76)
[error] 	at lmcoursier.internal.shaded.coursier.cache.FileCache.$anonfun$download$32(FileCache.scala:553)
[error] 	at scala.concurrent.Future$.$anonfun$apply$1(Future.scala:659)
[error] 	at scala.util.Success.$anonfun$map$1(Try.scala:255)
[error] 	at scala.util.Success.map(Try.scala:213)
[error] 	at scala.concurrent.Future.$anonfun$map$1(Future.scala:292)
[error] 	at scala.concurrent.impl.Promise.liftedTree1$1(Promise.scala:33)
[error] 	at scala.concurrent.impl.Promise.$anonfun$transform$1(Promise.scala:33)
[error] 	at scala.concurrent.impl.CallbackRunnable.run(Promise.scala:64)
[error] 	at java.util.concurrent.ThreadPoolExecutor.runWorker(ThreadPoolExecutor.java:1142)
[error] 	at java.util.concurrent.ThreadPoolExecutor$Worker.run(ThreadPoolExecutor.java:617)
[error] 	at java.lang.Thread.run(Thread.java:745)
[error] (ssExtractDependencies) lmcoursier.internal.shaded.coursier.error.FetchError$DownloadingArtifacts: Error fetching artifacts:
[error] https://repo1.maven.org/maven2/io/netty/netty-transport-native-epoll/4.1.34.Final/netty-transport-native-epoll-4.1.34.Final-linux-x86_64.jar: download error: Caught java.net.UnknownHostException: repo1.maven.org (repo1.maven.org) while downloading https://repo1.maven.org/maven2/io/netty/netty-transport-native-epoll/4.1.34.Final/netty-transport-native-epoll-4.1.34.Final-linux-x86_64.jar
[error] https://repo1.maven.org/maven2/com/typesafe/play/play-json_2.13/2.7.4/play-json_2.13-2.7.4.jar: download error: Caught java.net.UnknownHostException: repo1.maven.org (repo1.maven.org) while downloading https://repo1.maven.org/maven2/com/typesafe/play/play-json_2.13/2.7.4/play-json_2.13-2.7.4.jar
[error] https://repo1.maven.org/maven2/org/apache/commons/commons-text/1.4/commons-text-1.4.jar: download error: Caught java.net.UnknownHostException: repo1.maven.org (repo1.maven.org) while downloading https://repo1.maven.org/maven2/org/apache/commons/commons-text/1.4/commons-text-1.4.jar
[error] https://repo1.maven.org/maven2/org/seleniumhq/selenium/selenium-ie-driver/3.141.59/selenium-ie-driver-3.141.59.jar: download error: Caught java.net.UnknownHostException: repo1.maven.org (repo1.maven.org) while downloading https://repo1.maven.org/maven2/org/seleniumhq/selenium/selenium-ie-driver/3.141.59/selenium-ie-driver-3.141.59.jar
[error] https://repo1.maven.org/maven2/javax/activation/javax.activation-api/1.2.0/javax.activation-api-1.2.0.jar: download error: Caught java.net.UnknownHostException: repo1.maven.org (repo1.maven.org) while downloading https://repo1.maven.org/maven2/javax/activation/javax.activation-api/1.2.0/javax.activation-api-1.2.0.jar
[error] https://repo1.maven.org/maven2/com/typesafe/play/play-ws_2.13/2.7.3/play-ws_2.13-2.7.3.jar: download error: Caught java.net.UnknownHostException: repo1.maven.org (repo1.maven.org) while downloading https://repo1.maven.org/maven2/com/typesafe/play/play-ws_2.13/2.7.3/play-ws_2.13-2.7.3.jar
[error] https://repo1.maven.org/maven2/org/apache/commons/commons-lang3/3.8/commons-lang3-3.8.jar: download error: Caught java.net.UnknownHostException: repo1.maven.org (repo1.maven.org) while downloading https://repo1.maven.org/maven2/org/apache/commons/commons-lang3/3.8/commons-lang3-3.8.jar
[error] https://repo1.maven.org/maven2/org/scala-lang/modules/scala-parser-combinators_2.13/1.1.2/scala-parser-combinators_2.13-1.1.2.jar: download error: Caught java.net.UnknownHostException: repo1.maven.org (repo1.maven.org) while downloading https://repo1.maven.org/maven2/org/scala-lang/modules/scala-parser-combinators_2.13/1.1.2/scala-parser-combinators_2.13-1.1.2.jar
[error] https://repo1.maven.org/maven2/com/typesafe/play/cachecontrol_2.13/1.1.7/cachecontrol_2.13-1.1.7.jar: download error: Caught java.net.UnknownHostException: repo1.maven.org (repo1.maven.org) while downloading https://repo1.maven.org/maven2/com/typesafe/play/cachecontrol_2.13/1.1.7/cachecontrol_2.13-1.1.7.jar
[error] https://repo1.maven.org/maven2/com/typesafe/play/play-functional_2.13/2.7.4/play-functional_2.13-2.7.4.jar: download error: Caught java.net.UnknownHostException: repo1.maven.org (repo1.maven.org) while downloading https://repo1.maven.org/maven2/com/typesafe/play/play-functional_2.13/2.7.4/play-functional_2.13-2.7.4.jar
[error] https://repo1.maven.org/maven2/com/google/inject/extensions/guice-assistedinject/4.2.2/guice-assistedinject-4.2.2.jar: download error: Caught java.net.UnknownHostException: repo1.maven.org (repo1.maven.org) while downloading https://repo1.maven.org/maven2/com/google/inject/extensions/guice-assistedinject/4.2.2/guice-assistedinject-4.2.2.jar
[error] https://repo1.maven.org/maven2/org/codehaus/mojo/animal-sniffer-annotations/1.17/animal-sniffer-annotations-1.17.jar: download error: Caught java.net.UnknownHostException: repo1.maven.org (repo1.maven.org) while downloading https://repo1.maven.org/maven2/org/codehaus/mojo/animal-sniffer-annotations/1.17/animal-sniffer-annotations-1.17.jar
[error] https://repo1.maven.org/maven2/org/seleniumhq/selenium/htmlunit-driver/2.33.3/htmlunit-driver-2.33.3.jar: download error: Caught java.net.UnknownHostException: repo1.maven.org (repo1.maven.org) while downloading https://repo1.maven.org/maven2/org/seleniumhq/selenium/htmlunit-driver/2.33.3/htmlunit-driver-2.33.3.jar
[error] https://repo1.maven.org/maven2/org/slf4j/jcl-over-slf4j/1.7.26/jcl-over-slf4j-1.7.26.jar: download error: Caught java.net.UnknownHostException: repo1.maven.org (repo1.maven.org) while downloading https://repo1.maven.org/maven2/org/slf4j/jcl-over-slf4j/1.7.26/jcl-over-slf4j-1.7.26.jar
[error] https://repo1.maven.org/maven2/org/seleniumhq/selenium/selenium-api/3.141.59/selenium-api-3.141.59.jar: download error: Caught java.net.UnknownHostException: repo1.maven.org (repo1.maven.org) while downloading https://repo1.maven.org/maven2/org/seleniumhq/selenium/selenium-api/3.141.59/selenium-api-3.141.59.jar
[error] https://repo1.maven.org/maven2/ch/qos/logback/logback-classic/1.2.3/logback-classic-1.2.3.jar: download error: Caught java.net.UnknownHostException: repo1.maven.org (repo1.maven.org) while downloading https://repo1.maven.org/maven2/ch/qos/logback/logback-classic/1.2.3/logback-classic-1.2.3.jar
[error] https://repo1.maven.org/maven2/junit/junit/4.12/junit-4.12.jar: download error: Caught java.net.UnknownHostException: repo1.maven.org (repo1.maven.org) while downloading https://repo1.maven.org/maven2/junit/junit/4.12/junit-4.12.jar
[error] https://repo1.maven.org/maven2/com/typesafe/akka/akka-parsing_2.13/10.1.8/akka-parsing_2.13-10.1.8.jar: download error: Caught java.net.UnknownHostException: repo1.maven.org (repo1.maven.org) while downloading https://repo1.maven.org/maven2/com/typesafe/akka/akka-parsing_2.13/10.1.8/akka-parsing_2.13-10.1.8.jar
[error] https://repo1.maven.org/maven2/com/google/inject/guice/4.2.2/guice-4.2.2.jar: download error: Caught java.net.UnknownHostException: repo1.maven.org (repo1.maven.org) while downloading https://repo1.maven.org/maven2/com/google/inject/guice/4.2.2/guice-4.2.2.jar
[error] https://repo1.maven.org/maven2/io/netty/netty-resolver/4.1.34.Final/netty-resolver-4.1.34.Final.jar: download error: Caught java.net.UnknownHostException: repo1.maven.org (repo1.maven.org) while downloading https://repo1.maven.org/maven2/io/netty/netty-resolver/4.1.34.Final/netty-resolver-4.1.34.Final.jar
[error] https://repo1.maven.org/maven2/com/fasterxml/jackson/datatype/jackson-datatype-jdk8/2.9.8/jackson-datatype-jdk8-2.9.8.jar: download error: Caught java.net.UnknownHostException: repo1.maven.org (repo1.maven.org) while downloading https://repo1.maven.org/maven2/com/fasterxml/jackson/datatype/jackson-datatype-jdk8/2.9.8/jackson-datatype-jdk8-2.9.8.jar
[error] https://repo1.maven.org/maven2/net/sourceforge/htmlunit/neko-htmlunit/2.33/neko-htmlunit-2.33.jar: download error: Caught java.net.UnknownHostException: repo1.maven.org (repo1.maven.org) while downloading https://repo1.maven.org/maven2/net/sourceforge/htmlunit/neko-htmlunit/2.33/neko-htmlunit-2.33.jar
[error] https://repo1.maven.org/maven2/net/sourceforge/htmlunit/htmlunit/2.33/htmlunit-2.33.jar: download error: Caught java.net.UnknownHostException: repo1.maven.org (repo1.maven.org) while downloading https://repo1.maven.org/maven2/net/sourceforge/htmlunit/htmlunit/2.33/htmlunit-2.33.jar
[error] https://repo1.maven.org/maven2/io/jsonwebtoken/jjwt/0.9.1/jjwt-0.9.1.jar: download error: Caught java.net.UnknownHostException: repo1.maven.org (repo1.maven.org) while downloading https://repo1.maven.org/maven2/io/jsonwebtoken/jjwt/0.9.1/jjwt-0.9.1.jar
[error] https://repo1.maven.org/maven2/xalan/xalan/2.7.2/xalan-2.7.2.jar: download error: Caught java.net.UnknownHostException: repo1.maven.org (repo1.maven.org) while downloading https://repo1.maven.org/maven2/xalan/xalan/2.7.2/xalan-2.7.2.jar
[error] https://repo1.maven.org/maven2/org/seleniumhq/selenium/selenium-opera-driver/3.141.59/selenium-opera-driver-3.141.59.jar: download error: Caught java.net.UnknownHostException: repo1.maven.org (repo1.maven.org) while downloading https://repo1.maven.org/maven2/org/seleniumhq/selenium/selenium-opera-driver/3.141.59/selenium-opera-driver-3.141.59.jar
[error] https://repo1.maven.org/maven2/com/typesafe/play/play-ahc-ws_2.13/2.7.3/play-ahc-ws_2.13-2.7.3.jar: download error: Caught java.net.UnknownHostException: repo1.maven.org (repo1.maven.org) while downloading https://repo1.maven.org/maven2/com/typesafe/play/play-ahc-ws_2.13/2.7.3/play-ahc-ws_2.13-2.7.3.jar
[error] https://repo1.maven.org/maven2/com/h2database/h2/1.4.199/h2-1.4.199.jar: download error: Caught java.net.UnknownHostException: repo1.maven.org (repo1.maven.org) while downloading https://repo1.maven.org/maven2/com/h2database/h2/1.4.199/h2-1.4.199.jar
[error] https://repo1.maven.org/maven2/org/eclipse/jetty/websocket/websocket-client/9.4.12.v20180830/websocket-client-9.4.12.v20180830.jar: download error: Caught java.net.UnknownHostException: repo1.maven.org (repo1.maven.org) while downloading https://repo1.maven.org/maven2/org/eclipse/jetty/websocket/websocket-client/9.4.12.v20180830/websocket-client-9.4.12.v20180830.jar
[error] https://repo1.maven.org/maven2/com/typesafe/play/play_2.13/2.7.3/play_2.13-2.7.3.jar: download error: Caught java.net.UnknownHostException: repo1.maven.org (repo1.maven.org) while downloading https://repo1.maven.org/maven2/com/typesafe/play/play_2.13/2.7.3/play_2.13-2.7.3.jar
[error] https://repo1.maven.org/maven2/joda-time/joda-time/2.10.1/joda-time-2.10.1.jar: download error: Caught java.net.UnknownHostException: repo1.maven.org (repo1.maven.org) while downloading https://repo1.maven.org/maven2/joda-time/joda-time/2.10.1/joda-time-2.10.1.jar
[error] https://repo1.maven.org/maven2/com/typesafe/netty/netty-reactive-streams-http/2.0.3/netty-reactive-streams-http-2.0.3.jar: download error: Caught java.net.UnknownHostException: repo1.maven.org (repo1.maven.org) while downloading https://repo1.maven.org/maven2/com/typesafe/netty/netty-reactive-streams-http/2.0.3/netty-reactive-streams-http-2.0.3.jar
[error] https://repo1.maven.org/maven2/xerces/xercesImpl/2.12.0/xercesImpl-2.12.0.jar: download error: Caught java.net.UnknownHostException: repo1.maven.org (repo1.maven.org) while downloading https://repo1.maven.org/maven2/xerces/xercesImpl/2.12.0/xercesImpl-2.12.0.jar
[error] https://repo1.maven.org/maven2/xml-apis/xml-apis/1.4.01/xml-apis-1.4.01.jar: download error: Caught java.net.UnknownHostException: repo1.maven.org (repo1.maven.org) while downloading https://repo1.maven.org/maven2/xml-apis/xml-apis/1.4.01/xml-apis-1.4.01.jar
[error] https://repo1.maven.org/maven2/com/typesafe/play/twirl-api_2.13/1.4.2/twirl-api_2.13-1.4.2.jar: download error: Caught java.net.UnknownHostException: repo1.maven.org (repo1.maven.org) while downloading https://repo1.maven.org/maven2/com/typesafe/play/twirl-api_2.13/1.4.2/twirl-api_2.13-1.4.2.jar
[error] https://repo1.maven.org/maven2/xalan/serializer/2.7.2/serializer-2.7.2.jar: download error: Caught java.net.UnknownHostException: repo1.maven.org (repo1.maven.org) while downloading https://repo1.maven.org/maven2/xalan/serializer/2.7.2/serializer-2.7.2.jar
[error] https://repo1.maven.org/maven2/org/seleniumhq/selenium/selenium-support/3.141.59/selenium-support-3.141.59.jar: download error: Caught java.net.UnknownHostException: repo1.maven.org (repo1.maven.org) while downloading https://repo1.maven.org/maven2/org/seleniumhq/selenium/selenium-support/3.141.59/selenium-support-3.141.59.jar
[error] https://repo1.maven.org/maven2/commons-io/commons-io/2.6/commons-io-2.6.jar: download error: Caught java.net.UnknownHostException: repo1.maven.org (repo1.maven.org) while downloading https://repo1.maven.org/maven2/commons-io/commons-io/2.6/commons-io-2.6.jar
[error] https://repo1.maven.org/maven2/com/fasterxml/jackson/core/jackson-core/2.9.8/jackson-core-2.9.8.jar: download error: Caught java.net.UnknownHostException: repo1.maven.org (repo1.maven.org) while downloading https://repo1.maven.org/maven2/com/fasterxml/jackson/core/jackson-core/2.9.8/jackson-core-2.9.8.jar
[error] https://repo1.maven.org/maven2/com/typesafe/akka/akka-http-core_2.13/10.1.8/akka-http-core_2.13-10.1.8.jar: download error: Caught java.net.UnknownHostException: repo1.maven.org (repo1.maven.org) while downloading https://repo1.maven.org/maven2/com/typesafe/akka/akka-http-core_2.13/10.1.8/akka-http-core_2.13-10.1.8.jar
[error] https://repo1.maven.org/maven2/org/fluentlenium/fluentlenium-core/3.7.1/fluentlenium-core-3.7.1.jar: download error: Caught java.net.UnknownHostException: repo1.maven.org (repo1.maven.org) while downloading https://repo1.maven.org/maven2/org/fluentlenium/fluentlenium-core/3.7.1/fluentlenium-core-3.7.1.jar
[error] https://repo1.maven.org/maven2/commons-codec/commons-codec/1.10/commons-codec-1.10.jar: download error: Caught java.net.UnknownHostException: repo1.maven.org (repo1.maven.org) while downloading https://repo1.maven.org/maven2/commons-codec/commons-codec/1.10/commons-codec-1.10.jar
[error] https://repo1.maven.org/maven2/org/seleniumhq/selenium/selenium-java/3.141.59/selenium-java-3.141.59.jar: download error: Caught java.net.UnknownHostException: repo1.maven.org (repo1.maven.org) while downloading https://repo1.maven.org/maven2/org/seleniumhq/selenium/selenium-java/3.141.59/selenium-java-3.141.59.jar
[error] https://repo1.maven.org/maven2/com/typesafe/play/play-netty-server_2.13/2.7.3/play-netty-server_2.13-2.7.3.jar: download error: Caught java.net.UnknownHostException: repo1.maven.org (repo1.maven.org) while downloading https://repo1.maven.org/maven2/com/typesafe/play/play-netty-server_2.13/2.7.3/play-netty-server_2.13-2.7.3.jar
[error] https://repo1.maven.org/maven2/io/netty/netty-common/4.1.34.Final/netty-common-4.1.34.Final.jar: download error: Caught java.net.UnknownHostException: repo1.maven.org (repo1.maven.org) while downloading https://repo1.maven.org/maven2/io/netty/netty-common/4.1.34.Final/netty-common-4.1.34.Final.jar
[error] https://repo1.maven.org/maven2/com/fasterxml/jackson/datatype/jackson-datatype-jsr310/2.9.8/jackson-datatype-jsr310-2.9.8.jar: download error: Caught java.net.UnknownHostException: repo1.maven.org (repo1.maven.org) while downloading https://repo1.maven.org/maven2/com/fasterxml/jackson/datatype/jackson-datatype-jsr310/2.9.8/jackson-datatype-jsr310-2.9.8.jar
[error] https://repo1.maven.org/maven2/com/typesafe/play/shaded-asynchttpclient/2.0.6/shaded-asynchttpclient-2.0.6.jar: download error: Caught java.net.UnknownHostException: repo1.maven.org (repo1.maven.org) while downloading https://repo1.maven.org/maven2/com/typesafe/play/shaded-asynchttpclient/2.0.6/shaded-asynchttpclient-2.0.6.jar
[error] https://repo1.maven.org/maven2/org/seleniumhq/selenium/selenium-firefox-driver/3.141.59/selenium-firefox-driver-3.141.59.jar: download error: Caught java.net.UnknownHostException: repo1.maven.org (repo1.maven.org) while downloading https://repo1.maven.org/maven2/org/seleniumhq/selenium/selenium-firefox-driver/3.141.59/selenium-firefox-driver-3.141.59.jar
[error] https://repo1.maven.org/maven2/net/sourceforge/htmlunit/htmlunit-cssparser/1.2.0/htmlunit-cssparser-1.2.0.jar: download error: Caught java.net.UnknownHostException: repo1.maven.org (repo1.maven.org) while downloading https://repo1.maven.org/maven2/net/sourceforge/htmlunit/htmlunit-cssparser/1.2.0/htmlunit-cssparser-1.2.0.jar
[error] https://repo1.maven.org/maven2/org/seleniumhq/selenium/selenium-edge-driver/3.141.59/selenium-edge-driver-3.141.59.jar: download error: Caught java.net.UnknownHostException: repo1.maven.org (repo1.maven.org) while downloading https://repo1.maven.org/maven2/org/seleniumhq/selenium/selenium-edge-driver/3.141.59/selenium-edge-driver-3.141.59.jar
[error] https://repo1.maven.org/maven2/com/google/j2objc/j2objc-annotations/1.1/j2objc-annotations-1.1.jar: download error: Caught java.net.UnknownHostException: repo1.maven.org (repo1.maven.org) while downloading https://repo1.maven.org/maven2/com/google/j2objc/j2objc-annotations/1.1/j2objc-annotations-1.1.jar
[error] https://repo1.maven.org/maven2/io/netty/netty-buffer/4.1.34.Final/netty-buffer-4.1.34.Final.jar: download error: Caught java.net.UnknownHostException: repo1.maven.org (repo1.maven.org) while downloading https://repo1.maven.org/maven2/io/netty/netty-buffer/4.1.34.Final/netty-buffer-4.1.34.Final.jar
[error] https://repo1.maven.org/maven2/commons-logging/commons-logging/1.2/commons-logging-1.2.jar: download error: Caught java.net.UnknownHostException: repo1.maven.org (repo1.maven.org) while downloading https://repo1.maven.org/maven2/commons-logging/commons-logging/1.2/commons-logging-1.2.jar
[error] https://repo1.maven.org/maven2/aopalliance/aopalliance/1.0/aopalliance-1.0.jar: download error: Caught java.net.UnknownHostException: repo1.maven.org (repo1.maven.org) while downloading https://repo1.maven.org/maven2/aopalliance/aopalliance/1.0/aopalliance-1.0.jar
[error] https://repo1.maven.org/maven2/com/google/guava/failureaccess/1.0.1/failureaccess-1.0.1.jar: download error: Caught java.net.UnknownHostException: repo1.maven.org (repo1.maven.org) while downloading https://repo1.maven.org/maven2/com/google/guava/failureaccess/1.0.1/failureaccess-1.0.1.jar
[error] https://repo1.maven.org/maven2/com/typesafe/play/play-akka-http-server_2.13/2.7.3/play-akka-http-server_2.13-2.7.3.jar: download error: Caught java.net.UnknownHostException: repo1.maven.org (repo1.maven.org) while downloading https://repo1.maven.org/maven2/com/typesafe/play/play-akka-http-server_2.13/2.7.3/play-akka-http-server_2.13-2.7.3.jar
[error] https://repo1.maven.org/maven2/org/scalactic/scalactic_2.13/3.0.8/scalactic_2.13-3.0.8.jar: download error: Caught java.net.UnknownHostException: repo1.maven.org (repo1.maven.org) while downloading https://repo1.maven.org/maven2/org/scalactic/scalactic_2.13/3.0.8/scalactic_2.13-3.0.8.jar
[error] https://repo1.maven.org/maven2/org/eclipse/jetty/jetty-http/9.4.12.v20180830/jetty-http-9.4.12.v20180830.jar: download error: Caught java.net.UnknownHostException: repo1.maven.org (repo1.maven.org) while downloading https://repo1.maven.org/maven2/org/eclipse/jetty/jetty-http/9.4.12.v20180830/jetty-http-9.4.12.v20180830.jar
[error] https://repo1.maven.org/maven2/org/scala-lang/scala-library/2.13.0/scala-library-2.13.0.jar: download error: Caught java.net.UnknownHostException: repo1.maven.org (repo1.maven.org) while downloading https://repo1.maven.org/maven2/org/scala-lang/scala-library/2.13.0/scala-library-2.13.0.jar
[error] https://repo1.maven.org/maven2/com/codeborne/phantomjsdriver/1.4.4/phantomjsdriver-1.4.4.jar: download error: Caught java.net.UnknownHostException: repo1.maven.org (repo1.maven.org) while downloading https://repo1.maven.org/maven2/com/codeborne/phantomjsdriver/1.4.4/phantomjsdriver-1.4.4.jar
[error] https://repo1.maven.org/maven2/org/eclipse/jetty/jetty-io/9.4.12.v20180830/jetty-io-9.4.12.v20180830.jar: download error: Caught java.net.UnknownHostException: repo1.maven.org (repo1.maven.org) while downloading https://repo1.maven.org/maven2/org/eclipse/jetty/jetty-io/9.4.12.v20180830/jetty-io-9.4.12.v20180830.jar
[error] https://repo1.maven.org/maven2/com/squareup/okhttp3/okhttp/3.11.0/okhttp-3.11.0.jar: download error: Caught java.net.UnknownHostException: repo1.maven.org (repo1.maven.org) while downloading https://repo1.maven.org/maven2/com/squareup/okhttp3/okhttp/3.11.0/okhttp-3.11.0.jar
[error] https://repo1.maven.org/maven2/com/typesafe/play/play-ahc-ws-standalone_2.13/2.0.6/play-ahc-ws-standalone_2.13-2.0.6.jar: download error: Caught java.net.UnknownHostException: repo1.maven.org (repo1.maven.org) while downloading https://repo1.maven.org/maven2/com/typesafe/play/play-ahc-ws-standalone_2.13/2.0.6/play-ahc-ws-standalone_2.13-2.0.6.jar
[error] https://repo1.maven.org/maven2/com/typesafe/play/play-ws-standalone-json_2.13/2.0.6/play-ws-standalone-json_2.13-2.0.6.jar: download error: Caught java.net.UnknownHostException: repo1.maven.org (repo1.maven.org) while downloading https://repo1.maven.org/maven2/com/typesafe/play/play-ws-standalone-json_2.13/2.0.6/play-ws-standalone-json_2.13-2.0.6.jar
[error] https://repo1.maven.org/maven2/org/scala-lang/scala-reflect/2.13.0/scala-reflect-2.13.0.jar: download error: Caught java.net.UnknownHostException: repo1.maven.org (repo1.maven.org) while downloading https://repo1.maven.org/maven2/org/scala-lang/scala-reflect/2.13.0/scala-reflect-2.13.0.jar
[error] https://repo1.maven.org/maven2/com/typesafe/play/play-ws-standalone-xml_2.13/2.0.6/play-ws-standalone-xml_2.13-2.0.6.jar: download error: Caught java.net.UnknownHostException: repo1.maven.org (repo1.maven.org) while downloading https://repo1.maven.org/maven2/com/typesafe/play/play-ws-standalone-xml_2.13/2.0.6/play-ws-standalone-xml_2.13-2.0.6.jar
[error] https://repo1.maven.org/maven2/org/hamcrest/hamcrest-core/1.3/hamcrest-core-1.3.jar: download error: Caught java.net.UnknownHostException: repo1.maven.org (repo1.maven.org) while downloading https://repo1.maven.org/maven2/org/hamcrest/hamcrest-core/1.3/hamcrest-core-1.3.jar
[error] https://repo1.maven.org/maven2/org/scalatestplus/play/scalatestplus-play_2.13/4.0.3/scalatestplus-play_2.13-4.0.3.jar: download error: Caught java.net.UnknownHostException: repo1.maven.org (repo1.maven.org) while downloading https://repo1.maven.org/maven2/org/scalatestplus/play/scalatestplus-play_2.13/4.0.3/scalatestplus-play_2.13-4.0.3.jar
[error] https://repo1.maven.org/maven2/org/apache/commons/commons-exec/1.3/commons-exec-1.3.jar: download error: Caught java.net.UnknownHostException: repo1.maven.org (repo1.maven.org) while downloading https://repo1.maven.org/maven2/org/apache/commons/commons-exec/1.3/commons-exec-1.3.jar
[error] https://repo1.maven.org/maven2/commons-net/commons-net/3.6/commons-net-3.6.jar: download error: Caught java.net.UnknownHostException: repo1.maven.org (repo1.maven.org) while downloading https://repo1.maven.org/maven2/commons-net/commons-net/3.6/commons-net-3.6.jar
[error] https://repo1.maven.org/maven2/com/typesafe/play/play-streams_2.13/2.7.3/play-streams_2.13-2.7.3.jar: download error: Caught java.net.UnknownHostException: repo1.maven.org (repo1.maven.org) while downloading https://repo1.maven.org/maven2/com/typesafe/play/play-streams_2.13/2.7.3/play-streams_2.13-2.7.3.jar
[error] https://repo1.maven.org/maven2/com/typesafe/netty/netty-reactive-streams/2.0.3/netty-reactive-streams-2.0.3.jar: download error: Caught java.net.UnknownHostException: repo1.maven.org (repo1.maven.org) while downloading https://repo1.maven.org/maven2/com/typesafe/netty/netty-reactive-streams/2.0.3/netty-reactive-streams-2.0.3.jar
[error] https://repo1.maven.org/maven2/com/typesafe/play/filters-helpers_2.13/2.7.3/filters-helpers_2.13-2.7.3.jar: download error: Caught java.net.UnknownHostException: repo1.maven.org (repo1.maven.org) while downloading https://repo1.maven.org/maven2/com/typesafe/play/filters-helpers_2.13/2.7.3/filters-helpers_2.13-2.7.3.jar
[error] https://repo1.maven.org/maven2/com/typesafe/akka/akka-slf4j_2.13/2.5.23/akka-slf4j_2.13-2.5.23.jar: download error: Caught java.net.UnknownHostException: repo1.maven.org (repo1.maven.org) while downloading https://repo1.maven.org/maven2/com/typesafe/akka/akka-slf4j_2.13/2.5.23/akka-slf4j_2.13-2.5.23.jar
[error] https://repo1.maven.org/maven2/org/seleniumhq/selenium/selenium-remote-driver/3.141.59/selenium-remote-driver-3.141.59.jar: download error: Caught java.net.UnknownHostException: repo1.maven.org (repo1.maven.org) while downloading https://repo1.maven.org/maven2/org/seleniumhq/selenium/selenium-remote-driver/3.141.59/selenium-remote-driver-3.141.59.jar
[error] https://repo1.maven.org/maven2/org/checkerframework/checker-qual/2.5.2/checker-qual-2.5.2.jar: download error: Caught java.net.UnknownHostException: repo1.maven.org (repo1.maven.org) while downloading https://repo1.maven.org/maven2/org/checkerframework/checker-qual/2.5.2/checker-qual-2.5.2.jar
[error] https://repo1.maven.org/maven2/com/google/guava/guava/27.1-jre/guava-27.1-jre.jar: download error: Caught java.net.UnknownHostException: repo1.maven.org (repo1.maven.org) while downloading https://repo1.maven.org/maven2/com/google/guava/guava/27.1-jre/guava-27.1-jre.jar
[error] https://repo1.maven.org/maven2/com/typesafe/ssl-config-core_2.13/0.4.0/ssl-config-core_2.13-0.4.0.jar: download error: Caught java.net.UnknownHostException: repo1.maven.org (repo1.maven.org) while downloading https://repo1.maven.org/maven2/com/typesafe/ssl-config-core_2.13/0.4.0/ssl-config-core_2.13-0.4.0.jar
[error] https://repo1.maven.org/maven2/org/scalatest/scalatest_2.13/3.0.8/scalatest_2.13-3.0.8.jar: download error: Caught java.net.UnknownHostException: repo1.maven.org (repo1.maven.org) while downloading https://repo1.maven.org/maven2/org/scalatest/scalatest_2.13/3.0.8/scalatest_2.13-3.0.8.jar
[error] https://repo1.maven.org/maven2/com/fasterxml/jackson/core/jackson-annotations/2.9.8/jackson-annotations-2.9.8.jar: download error: Caught java.net.UnknownHostException: repo1.maven.org (repo1.maven.org) while downloading https://repo1.maven.org/maven2/com/fasterxml/jackson/core/jackson-annotations/2.9.8/jackson-annotations-2.9.8.jar
[error] https://repo1.maven.org/maven2/com/google/guava/listenablefuture/9999.0-empty-to-avoid-conflict-with-guava/listenablefuture-9999.0-empty-to-avoid-conflict-with-guava.jar: download error: Caught java.net.UnknownHostException: repo1.maven.org (repo1.maven.org) while downloading https://repo1.maven.org/maven2/com/google/guava/listenablefuture/9999.0-empty-to-avoid-conflict-with-guava/listenablefuture-9999.0-empty-to-avoid-conflict-with-guava.jar
[error] https://repo1.maven.org/maven2/com/google/errorprone/error_prone_annotations/2.2.0/error_prone_annotations-2.2.0.jar: download error: Caught java.net.UnknownHostException: repo1.maven.org (repo1.maven.org) while downloading https://repo1.maven.org/maven2/com/google/errorprone/error_prone_annotations/2.2.0/error_prone_annotations-2.2.0.jar
[error] https://repo1.maven.org/maven2/io/netty/netty-handler/4.1.34.Final/netty-handler-4.1.34.Final.jar: download error: Caught java.net.UnknownHostException: repo1.maven.org (repo1.maven.org) while downloading https://repo1.maven.org/maven2/io/netty/netty-handler/4.1.34.Final/netty-handler-4.1.34.Final.jar
[error] https://repo1.maven.org/maven2/com/typesafe/play/play-test_2.13/2.7.3/play-test_2.13-2.7.3.jar: download error: Caught java.net.UnknownHostException: repo1.maven.org (repo1.maven.org) while downloading https://repo1.maven.org/maven2/com/typesafe/play/play-test_2.13/2.7.3/play-test_2.13-2.7.3.jar
[error] https://repo1.maven.org/maven2/org/eclipse/jetty/websocket/websocket-api/9.4.12.v20180830/websocket-api-9.4.12.v20180830.jar: download error: Caught java.net.UnknownHostException: repo1.maven.org (repo1.maven.org) while downloading https://repo1.maven.org/maven2/org/eclipse/jetty/websocket/websocket-api/9.4.12.v20180830/websocket-api-9.4.12.v20180830.jar
[error] https://repo1.maven.org/maven2/com/typesafe/play/play-server_2.13/2.7.3/play-server_2.13-2.7.3.jar: download error: Caught java.net.UnknownHostException: repo1.maven.org (repo1.maven.org) while downloading https://repo1.maven.org/maven2/com/typesafe/play/play-server_2.13/2.7.3/play-server_2.13-2.7.3.jar
[error] https://repo1.maven.org/maven2/com/squareup/okio/okio/1.14.0/okio-1.14.0.jar: download error: Caught java.net.UnknownHostException: repo1.maven.org (repo1.maven.org) while downloading https://repo1.maven.org/maven2/com/squareup/okio/okio/1.14.0/okio-1.14.0.jar
[error] https://repo1.maven.org/maven2/org/atteo/classindex/classindex/3.4/classindex-3.4.jar: download error: Caught java.net.UnknownHostException: repo1.maven.org (repo1.maven.org) while downloading https://repo1.maven.org/maven2/org/atteo/classindex/classindex/3.4/classindex-3.4.jar
[error] https://repo1.maven.org/maven2/com/typesafe/play/play-logback_2.13/2.7.3/play-logback_2.13-2.7.3.jar: download error: Caught java.net.UnknownHostException: repo1.maven.org (repo1.maven.org) while downloading https://repo1.maven.org/maven2/com/typesafe/play/play-logback_2.13/2.7.3/play-logback_2.13-2.7.3.jar
[error] https://repo1.maven.org/maven2/javax/inject/javax.inject/1/javax.inject-1.jar: download error: Caught java.net.UnknownHostException: repo1.maven.org (repo1.maven.org) while downloading https://repo1.maven.org/maven2/javax/inject/javax.inject/1/javax.inject-1.jar
[error] https://repo1.maven.org/maven2/org/scala-lang/modules/scala-java8-compat_2.13/0.9.0/scala-java8-compat_2.13-0.9.0.jar: download error: Caught java.net.UnknownHostException: repo1.maven.org (repo1.maven.org) while downloading https://repo1.maven.org/maven2/org/scala-lang/modules/scala-java8-compat_2.13/0.9.0/scala-java8-compat_2.13-0.9.0.jar
[error] https://repo1.maven.org/maven2/org/eclipse/jetty/jetty-client/9.4.12.v20180830/jetty-client-9.4.12.v20180830.jar: download error: Caught java.net.UnknownHostException: repo1.maven.org (repo1.maven.org) while downloading https://repo1.maven.org/maven2/org/eclipse/jetty/jetty-client/9.4.12.v20180830/jetty-client-9.4.12.v20180830.jar
[error] https://repo1.maven.org/maven2/com/novocode/junit-interface/0.11/junit-interface-0.11.jar: download error: Caught java.net.UnknownHostException: repo1.maven.org (repo1.maven.org) while downloading https://repo1.maven.org/maven2/com/novocode/junit-interface/0.11/junit-interface-0.11.jar
[error] https://repo1.maven.org/maven2/io/netty/netty-codec-http/4.1.34.Final/netty-codec-http-4.1.34.Final.jar: download error: Caught java.net.UnknownHostException: repo1.maven.org (repo1.maven.org) while downloading https://repo1.maven.org/maven2/io/netty/netty-codec-http/4.1.34.Final/netty-codec-http-4.1.34.Final.jar
[error] https://repo1.maven.org/maven2/com/typesafe/config/1.3.3/config-1.3.3.jar: download error: Caught java.net.UnknownHostException: repo1.maven.org (repo1.maven.org) while downloading https://repo1.maven.org/maven2/com/typesafe/config/1.3.3/config-1.3.3.jar
[error] https://repo1.maven.org/maven2/io/netty/netty-transport-native-unix-common/4.1.34.Final/netty-transport-native-unix-common-4.1.34.Final.jar: download error: Caught java.net.UnknownHostException: repo1.maven.org (repo1.maven.org) while downloading https://repo1.maven.org/maven2/io/netty/netty-transport-native-unix-common/4.1.34.Final/netty-transport-native-unix-common-4.1.34.Final.jar
[error] https://repo1.maven.org/maven2/org/slf4j/jul-to-slf4j/1.7.26/jul-to-slf4j-1.7.26.jar: download error: Caught java.net.UnknownHostException: repo1.maven.org (repo1.maven.org) while downloading https://repo1.maven.org/maven2/org/slf4j/jul-to-slf4j/1.7.26/jul-to-slf4j-1.7.26.jar
[error] https://repo1.maven.org/maven2/com/typesafe/akka/akka-protobuf_2.13/2.5.23/akka-protobuf_2.13-2.5.23.jar: download error: Caught java.net.UnknownHostException: repo1.maven.org (repo1.maven.org) while downloading https://repo1.maven.org/maven2/com/typesafe/akka/akka-protobuf_2.13/2.5.23/akka-protobuf_2.13-2.5.23.jar
[error] https://repo1.maven.org/maven2/com/fasterxml/jackson/core/jackson-databind/2.9.8/jackson-databind-2.9.8.jar: download error: Caught java.net.UnknownHostException: repo1.maven.org (repo1.maven.org) while downloading https://repo1.maven.org/maven2/com/fasterxml/jackson/core/jackson-databind/2.9.8/jackson-databind-2.9.8.jar
[error] https://repo1.maven.org/maven2/org/seleniumhq/selenium/selenium-chrome-driver/3.141.59/selenium-chrome-driver-3.141.59.jar: download error: Caught java.net.UnknownHostException: repo1.maven.org (repo1.maven.org) while downloading https://repo1.maven.org/maven2/org/seleniumhq/selenium/selenium-chrome-driver/3.141.59/selenium-chrome-driver-3.141.59.jar
[error] https://repo1.maven.org/maven2/ch/qos/logback/logback-core/1.2.3/logback-core-1.2.3.jar: download error: Caught java.net.UnknownHostException: repo1.maven.org (repo1.maven.org) while downloading https://repo1.maven.org/maven2/ch/qos/logback/logback-core/1.2.3/logback-core-1.2.3.jar
[error] https://repo1.maven.org/maven2/com/typesafe/play/play-guice_2.13/2.7.3/play-guice_2.13-2.7.3.jar: download error: Caught java.net.UnknownHostException: repo1.maven.org (repo1.maven.org) while downloading https://repo1.maven.org/maven2/com/typesafe/play/play-guice_2.13/2.7.3/play-guice_2.13-2.7.3.jar
[error] https://repo1.maven.org/maven2/io/netty/netty-transport/4.1.34.Final/netty-transport-4.1.34.Final.jar: download error: Caught java.net.UnknownHostException: repo1.maven.org (repo1.maven.org) while downloading https://repo1.maven.org/maven2/io/netty/netty-transport/4.1.34.Final/netty-transport-4.1.34.Final.jar
[error] https://repo1.maven.org/maven2/org/seleniumhq/selenium/selenium-safari-driver/3.141.59/selenium-safari-driver-3.141.59.jar: download error: Caught java.net.UnknownHostException: repo1.maven.org (repo1.maven.org) while downloading https://repo1.maven.org/maven2/org/seleniumhq/selenium/selenium-safari-driver/3.141.59/selenium-safari-driver-3.141.59.jar
[error] https://repo1.maven.org/maven2/org/eclipse/jetty/websocket/websocket-common/9.4.12.v20180830/websocket-common-9.4.12.v20180830.jar: download error: Caught java.net.UnknownHostException: repo1.maven.org (repo1.maven.org) while downloading https://repo1.maven.org/maven2/org/eclipse/jetty/websocket/websocket-common/9.4.12.v20180830/websocket-common-9.4.12.v20180830.jar
[error] https://repo1.maven.org/maven2/javax/xml/bind/jaxb-api/2.3.1/jaxb-api-2.3.1.jar: download error: Caught java.net.UnknownHostException: repo1.maven.org (repo1.maven.org) while downloading https://repo1.maven.org/maven2/javax/xml/bind/jaxb-api/2.3.1/jaxb-api-2.3.1.jar
[error] https://repo1.maven.org/maven2/com/typesafe/play/shaded-oauth/2.0.6/shaded-oauth-2.0.6.jar: download error: Caught java.net.UnknownHostException: repo1.maven.org (repo1.maven.org) while downloading https://repo1.maven.org/maven2/com/typesafe/play/shaded-oauth/2.0.6/shaded-oauth-2.0.6.jar
[error] https://repo1.maven.org/maven2/com/google/code/findbugs/jsr305/3.0.2/jsr305-3.0.2.jar: download error: Caught java.net.UnknownHostException: repo1.maven.org (repo1.maven.org) while downloading https://repo1.maven.org/maven2/com/google/code/findbugs/jsr305/3.0.2/jsr305-3.0.2.jar
[error] https://repo1.maven.org/maven2/javax/transaction/jta/1.1/jta-1.1.jar: download error: Caught java.net.UnknownHostException: repo1.maven.org (repo1.maven.org) while downloading https://repo1.maven.org/maven2/javax/transaction/jta/1.1/jta-1.1.jar
[error] https://repo1.maven.org/maven2/com/typesafe/akka/akka-actor_2.13/2.5.23/akka-actor_2.13-2.5.23.jar: download error: Caught java.net.UnknownHostException: repo1.maven.org (repo1.maven.org) while downloading https://repo1.maven.org/maven2/com/typesafe/akka/akka-actor_2.13/2.5.23/akka-actor_2.13-2.5.23.jar
[error] https://repo1.maven.org/maven2/com/typesafe/akka/akka-stream_2.13/2.5.23/akka-stream_2.13-2.5.23.jar: download error: Caught java.net.UnknownHostException: repo1.maven.org (repo1.maven.org) while downloading https://repo1.maven.org/maven2/com/typesafe/akka/akka-stream_2.13/2.5.23/akka-stream_2.13-2.5.23.jar
[error] https://repo1.maven.org/maven2/com/typesafe/play/play-ws-standalone_2.13/2.0.6/play-ws-standalone_2.13-2.0.6.jar: download error: Caught java.net.UnknownHostException: repo1.maven.org (repo1.maven.org) while downloading https://repo1.maven.org/maven2/com/typesafe/play/play-ws-standalone_2.13/2.0.6/play-ws-standalone_2.13-2.0.6.jar
[error] https://repo1.maven.org/maven2/org/scala-lang/scala-compiler/2.13.0/scala-compiler-2.13.0.jar: download error: Caught java.net.UnknownHostException: repo1.maven.org (repo1.maven.org) while downloading https://repo1.maven.org/maven2/org/scala-lang/scala-compiler/2.13.0/scala-compiler-2.13.0.jar
[error] https://repo1.maven.org/maven2/org/ow2/asm/asm/5.0.3/asm-5.0.3.jar: download error: Caught java.net.UnknownHostException: repo1.maven.org (repo1.maven.org) while downloading https://repo1.maven.org/maven2/org/ow2/asm/asm/5.0.3/asm-5.0.3.jar
[error] https://repo1.maven.org/maven2/org/ow2/asm/asm-tree/5.0.3/asm-tree-5.0.3.jar: download error: Caught java.net.UnknownHostException: repo1.maven.org (repo1.maven.org) while downloading https://repo1.maven.org/maven2/org/ow2/asm/asm-tree/5.0.3/asm-tree-5.0.3.jar
[error] https://repo1.maven.org/maven2/com/typesafe/play/play-doc_2.13/2.0.2/play-doc_2.13-2.0.2.jar: download error: Caught java.net.UnknownHostException: repo1.maven.org (repo1.maven.org) while downloading https://repo1.maven.org/maven2/com/typesafe/play/play-doc_2.13/2.0.2/play-doc_2.13-2.0.2.jar
[error] https://repo1.maven.org/maven2/org/ow2/asm/asm-analysis/5.0.3/asm-analysis-5.0.3.jar: download error: Caught java.net.UnknownHostException: repo1.maven.org (repo1.maven.org) while downloading https://repo1.maven.org/maven2/org/ow2/asm/asm-analysis/5.0.3/asm-analysis-5.0.3.jar
[error] https://repo1.maven.org/maven2/org/parboiled/parboiled-core/1.1.7/parboiled-core-1.1.7.jar: download error: Caught java.net.UnknownHostException: repo1.maven.org (repo1.maven.org) while downloading https://repo1.maven.org/maven2/org/parboiled/parboiled-core/1.1.7/parboiled-core-1.1.7.jar
[error] https://repo1.maven.org/maven2/com/typesafe/play/play-docs_2.13/2.7.3/play-docs_2.13-2.7.3.jar: download error: Caught java.net.UnknownHostException: repo1.maven.org (repo1.maven.org) while downloading https://repo1.maven.org/maven2/com/typesafe/play/play-docs_2.13/2.7.3/play-docs_2.13-2.7.3.jar
[error] https://repo1.maven.org/maven2/org/parboiled/parboiled-java/1.1.7/parboiled-java-1.1.7.jar: download error: Caught java.net.UnknownHostException: repo1.maven.org (repo1.maven.org) while downloading https://repo1.maven.org/maven2/org/parboiled/parboiled-java/1.1.7/parboiled-java-1.1.7.jar
[error] https://repo1.maven.org/maven2/org/ow2/asm/asm-util/5.0.3/asm-util-5.0.3.jar: download error: Caught java.net.UnknownHostException: repo1.maven.org (repo1.maven.org) while downloading https://repo1.maven.org/maven2/org/ow2/asm/asm-util/5.0.3/asm-util-5.0.3.jar
[error] https://repo1.maven.org/maven2/org/pegdown/pegdown/1.6.0/pegdown-1.6.0.jar: download error: Caught java.net.UnknownHostException: repo1.maven.org (repo1.maven.org) while downloading https://repo1.maven.org/maven2/org/pegdown/pegdown/1.6.0/pegdown-1.6.0.jar
[error] https://repo1.maven.org/maven2/com/typesafe/play/play-omnidoc_2.13/2.7.3/play-omnidoc_2.13-2.7.3.jar: download error: Caught java.net.UnknownHostException: repo1.maven.org (repo1.maven.org) while downloading https://repo1.maven.org/maven2/com/typesafe/play/play-omnidoc_2.13/2.7.3/play-omnidoc_2.13-2.7.3.jar
